<?xml version="1.0" encoding="UTF-8"?>
<!-- Generated by org.testng.reporters.JUnitReportReporter -->
<testsuite hostname="DESKTOP-P9E86EA" failures="0" tests="2" name="org.zalando.PracticeTestCases.TestNGPractice" time="0.005" errors="0" timestamp="2022-09-20T14:45:30 IST" skipped="0">
  <testcase classname="org.zalando.PracticeTestCases.TestNGPractice" name="step1Test2" time="0.001"/>
  <system-out/>
  <testcase classname="org.zalando.PracticeTestCases.TestNGPractice" name="step1Test1" time="0.004"/>
  <system-out/>
</testsuite> <!-- org.zalando.PracticeTestCases.TestNGPractice -->
