<?xml version="1.0" encoding="UTF-8"?>
<!-- Generated by org.testng.reporters.JUnitReportReporter -->
<testsuite hostname="DESKTOP-P9E86EA" failures="0" tests="1" name="org.regressionTestCases.TestCase3Updated" time="18.955" errors="0" timestamp="2022-09-15T18:07:15 IST" skipped="0">
  <testcase classname="org.regressionTestCases.TestCase3Updated" name="updateOrder" time="18.955"/>
  <system-out>
    <![CDATA[
195
Testcase is pass]]>
  </system-out>
</testsuite> <!-- org.regressionTestCases.TestCase3Updated -->
