<?xml version="1.0" encoding="UTF-8"?>
<!-- Generated by org.testng.reporters.JUnitReportReporter -->
<testsuite hostname="DESKTOP-P9E86EA" failures="0" tests="5" name="org.zalando.usermodule.DataProviderPrct" time="0.028" errors="0" timestamp="2022-09-14T13:25:34 IST" skipped="0">
  <testcase classname="org.zalando.usermodule.DataProviderPrct" name="testCase1" time="0.009"/>
  <system-out/>
  <testcase classname="org.zalando.usermodule.DataProviderPrct" name="testCase1" time="0.008"/>
  <system-out/>
  <testcase classname="org.zalando.usermodule.DataProviderPrct" name="testCase1" time="0.004"/>
  <system-out/>
  <testcase classname="org.zalando.usermodule.DataProviderPrct" name="testCase1" time="0.002"/>
  <system-out/>
  <testcase classname="org.zalando.usermodule.DataProviderPrct" name="testCase1" time="0.005"/>
  <system-out/>
</testsuite> <!-- org.zalando.usermodule.DataProviderPrct -->
