<?xml version="1.0" encoding="UTF-8"?>
<!-- Generated by org.testng.reporters.JUnitReportReporter -->
<testsuite hostname="DESKTOP-P9E86EA" failures="0" tests="1" name="org.zalando.PracticeTestCases.FetchDataFromCmdPrompt" time="34.662" errors="0" timestamp="2022-09-20T11:32:57 IST" skipped="0">
  <testcase classname="org.zalando.PracticeTestCases.FetchDataFromCmdPrompt" name="simpleTest" time="34.662"/>
  <system-out/>
</testsuite> <!-- org.zalando.PracticeTestCases.FetchDataFromCmdPrompt -->
