<?xml version="1.0" encoding="UTF-8"?>
<!-- Generated by org.testng.reporters.JUnitReportReporter -->
<testsuite hostname="DESKTOP-P9E86EA" failures="0" tests="1" name="org.OnlineShoppingRegressionTestCases.CreateProductBuyProductAndTrackProductTestScript" time="44.173" errors="0" timestamp="2022-09-16T16:24:07 IST" skipped="0">
  <testcase classname="org.OnlineShoppingRegressionTestCases.CreateProductBuyProductAndTrackProductTestScript" name="endToEndTestCase" time="44.173"/>
  <system-out>
    <![CDATA[Clothing852
Category is created
Clothing852
SubCategory is created
Rs. 1000
199
Testcase is passed]]>
  </system-out>
</testsuite> <!-- org.OnlineShoppingRegressionTestCases.CreateProductBuyProductAndTrackProductTestScript -->
