<?xml version="1.0" encoding="UTF-8"?>
<!-- Generated by org.testng.reporters.JUnitReportReporter -->
<testsuite hostname="DESKTOP-P9E86EA" failures="0" tests="1" name="org.OnlineShoppingRegressionTestCases.BuyProductUpdateStatusTrackOrderTestScript" time="40.191" errors="0" timestamp="2022-09-16T16:24:07 IST" skipped="0">
  <testcase classname="org.OnlineShoppingRegressionTestCases.BuyProductUpdateStatusTrackOrderTestScript" name="updateOrder" time="40.191"/>
  <system-out>
    <![CDATA[Rs. 1000
198
Testcase is pass]]>
  </system-out>
</testsuite> <!-- org.OnlineShoppingRegressionTestCases.BuyProductUpdateStatusTrackOrderTestScript -->
