<?xml version="1.0" encoding="UTF-8"?>
<!-- Generated by org.testng.reporters.JUnitReportReporter -->
<testsuite hostname="DESKTOP-P9E86EA" failures="0" tests="1" name="org.zalando.PracticeTestCases.TestNgExecution3" time="0.931" errors="0" timestamp="2022-09-20T12:44:31 IST" skipped="0">
  <testcase classname="org.zalando.PracticeTestCases.TestNgExecution3" name="testScript3" time="0.931"/>
  <system-out>
    <![CDATA[testScript3 Current thread Id is 1]]>
  </system-out>
</testsuite> <!-- org.zalando.PracticeTestCases.TestNgExecution3 -->
