<?xml version="1.0" encoding="UTF-8"?>
<!-- Generated by org.testng.reporters.JUnitReportReporter -->
<testsuite hostname="DESKTOP-P9E86EA" failures="0" tests="1" name="org.regressionTestCases.TestCase1Updated" time="4.458" errors="0" timestamp="2022-09-15T11:37:22 IST" skipped="0">
  <testcase classname="org.regressionTestCases.TestCase1Updated" name="CreateProductTest" time="4.458"/>
  <system-out>
    <![CDATA[admin page is verified
Clothing525
Category is created
Clothing525
SubCategory is created]]>
  </system-out>
</testsuite> <!-- org.regressionTestCases.TestCase1Updated -->
