<?xml version="1.0" encoding="UTF-8"?>
<!-- Generated by org.testng.reporters.JUnitReportReporter -->
<testsuite hostname="DESKTOP-P9E86EA" failures="0" tests="1" name="org.regressionTestCases.TestCase2Updated" time="45.333" errors="0" timestamp="2022-09-15T13:22:47 IST" skipped="0">
  <testcase classname="org.regressionTestCases.TestCase2Updated" name="userModule" time="45.333"/>
  <system-out>
    <![CDATA[Testcase is passed]]>
  </system-out>
</testsuite> <!-- org.regressionTestCases.TestCase2Updated -->
