<?xml version="1.0" encoding="UTF-8"?>
<!-- Generated by org.testng.reporters.JUnitReportReporter -->
<testsuite hostname="DESKTOP-P9E86EA" failures="0" tests="1" name="org.regressionTestCases.TestCase4Updated" time="14.651" errors="0" timestamp="2022-09-15T18:22:31 IST" skipped="0">
  <testcase classname="org.regressionTestCases.TestCase4Updated" name="endToEndTestCase" time="14.651"/>
  <system-out>
    <![CDATA[Clothing732
Category is created
Clothing732
SubCategory is created
Rs. 1000
197
Testcase is passed]]>
  </system-out>
</testsuite> <!-- org.regressionTestCases.TestCase4Updated -->
