<?xml version="1.0" encoding="UTF-8"?>
<!-- Generated by org.testng.reporters.JUnitReportReporter -->
<testsuite hostname="DESKTOP-P9E86EA" failures="0" tests="1" name="org.zalando.usermodule.TestNgExecution1" time="0.899" errors="0" timestamp="2022-09-14T12:15:40 IST" skipped="0">
  <testcase classname="org.zalando.usermodule.TestNgExecution1" name="testScript1" time="0.899"/>
  <system-out>
    <![CDATA[testScript1Current thread Id is18]]>
  </system-out>
</testsuite> <!-- org.zalando.usermodule.TestNgExecution1 -->
