<?xml version="1.0" encoding="UTF-8"?>
<!-- Generated by org.testng.reporters.JUnitReportReporter -->
<testsuite hostname="DESKTOP-P9E86EA" failures="0" tests="1" name="org.OnlineShoppingRegressionTestCases.CreateCategorySubCategoryInsertProductTestScript" time="23.674" errors="0" timestamp="2022-09-16T16:24:07 IST" skipped="0">
  <testcase classname="org.OnlineShoppingRegressionTestCases.CreateCategorySubCategoryInsertProductTestScript" name="CreateProductTest" time="23.674"/>
  <system-out>
    <![CDATA[admin page is verified
Clothing459
Category is created
Clothing459
SubCategory is created]]>
  </system-out>
</testsuite> <!-- org.OnlineShoppingRegressionTestCases.CreateCategorySubCategoryInsertProductTestScript -->
