<?xml version="1.0" encoding="UTF-8"?>
<!-- Generated by org.testng.reporters.JUnitReportReporter -->
<testsuite hostname="DESKTOP-P9E86EA" failures="0" tests="1" name="org.OnlineShoppingRegressionTestCases.UserLoginAccountCreationTestScript" time="36.908" errors="0" timestamp="2022-09-16T16:24:07 IST" skipped="0">
  <testcase classname="org.OnlineShoppingRegressionTestCases.UserLoginAccountCreationTestScript" name="userModule" time="36.908"/>
  <system-out>
    <![CDATA[Testcase is passed]]>
  </system-out>
</testsuite> <!-- org.OnlineShoppingRegressionTestCases.UserLoginAccountCreationTestScript -->
