<?xml version="1.0" encoding="UTF-8"?>
<!-- Generated by org.testng.reporters.JUnitReportReporter -->
<testsuite hostname="DESKTOP-P9E86EA" failures="0" tests="1" name="org.zalando.usermodule.TestNgExexution4" time="0.819" errors="0" timestamp="2022-09-14T12:15:40 IST" skipped="0">
  <testcase classname="org.zalando.usermodule.TestNgExexution4" name="testScript4" time="0.819"/>
  <system-out>
    <![CDATA[testScript4 Current thread Id is 18]]>
  </system-out>
</testsuite> <!-- org.zalando.usermodule.TestNgExexution4 -->
