<?xml version="1.0" encoding="UTF-8"?>
<!-- Generated by org.testng.reporters.JUnitReportReporter -->
<testsuite hostname="DESKTOP-P9E86EA" failures="0" tests="2" name="org.zalando.usermodule.TestNGPractice" time="0.016" errors="0" timestamp="2022-09-09T10:18:31 IST" skipped="0">
  <testcase classname="org.zalando.usermodule.TestNGPractice" name="step1Test1" time="0.013"/>
  <system-out/>
  <testcase classname="org.zalando.usermodule.TestNGPractice" name="step1Test2" time="0.003"/>
  <system-out/>
</testsuite> <!-- org.zalando.usermodule.TestNGPractice -->
